<?xml version="1.0" encoding="UTF-8"?>
<!-- Generated by org.testng.reporters.JUnitReportReporter -->
<testsuite name="com.crm.qa.testcases.LoginPageTest" tests="3" time="44.032" ignored="0" failures="0" timestamp="09 Jun 2018 14:51:49 GMT" skipped="0" hostname="LAPTOP-FCKSJAP5" errors="0">
  <testcase name="crmLogoTest" time="10.569" classname="com.crm.qa.testcases.LoginPageTest"/>
  <testcase name="loginTest" time="22.531" classname="com.crm.qa.testcases.LoginPageTest"/>
  <testcase name="loginPageTitleTest" time="10.932" classname="com.crm.qa.testcases.LoginPageTest"/>
</testsuite> <!-- com.crm.qa.testcases.LoginPageTest -->
